# JRE version: OpenJDK Runtime Environment (11.0.15) (build 11.0.15+0-b2043.56-9505619)
# Java VM: OpenJDK 64-Bit Server VM (11.0.15+0-b2043.56-9505619, mixed mode, tiered, compressed oops, g1 gc, windows-amd64)
Heap:
 garbage-first heap   total 225280K, used 159186K [0x0000000080000000, 0x0000000100000000)
  region size 1024K, 40 young (40960K), 2 survivors (2048K)
 Metaspace       used 146344K, capacity 152297K, committed 152796K, reserved 1181696K
  class space    used 18279K, capacity 20472K, committed 20568K, reserved 1048576K
GC Heap History (20 events):
Event: 1919.397 GC heap before
{Heap before GC invocations=180 (full 0):
 garbage-first heap   total 225280K, used 154644K [0x0000000080000000, 0x0000000100000000)
  region size 1024K, 11 young (11264K), 4 survivors (4096K)
 Metaspace       used 146401K, capacity 152445K, committed 152540K, reserved 1181696K
  class space    used 18326K, capacity 20565K, committed 20568K, reserved 1048576K
}
Event: 1919.407 GC heap after
{Heap after GC invocations=181 (full 0):
 garbage-first heap   total 225280K, used 126836K [0x0000000080000000, 0x0000000100000000)
  region size 1024K, 1 young (1024K), 1 survivors (1024K)
 Metaspace       used 146401K, capacity 152445K, committed 152540K, reserved 1181696K
  class space    used 18326K, capacity 20565K, committed 20568K, reserved 1048576K
}
Event: 1919.437 GC heap before
{Heap before GC invocations=181 (full 0):
 garbage-first heap   total 225280K, used 137076K [0x0000000080000000, 0x0000000100000000)
  region size 1024K, 11 young (11264K), 1 survivors (1024K)
 Metaspace       used 146404K, capacity 152445K, committed 152540K, reserved 1181696K
  class space    used 18326K, capacity 20565K, committed 20568K, reserved 1048576K
}
Event: 1919.443 GC heap after
{Heap after GC invocations=182 (full 0):
 garbage-first heap   total 225280K, used 122814K [0x0000000080000000, 0x0000000100000000)
  region size 1024K, 2 young (2048K), 2 survivors (2048K)
 Metaspace       used 146404K, capacity 152445K, committed 152540K, reserved 1181696K
  class space    used 18326K, capacity 20565K, committed 20568K, reserved 1048576K
}
Event: 1919.536 GC heap before
{Heap before GC invocations=182 (full 0):
 garbage-first heap   total 225280K, used 145342K [0x0000000080000000, 0x0000000100000000)
  region size 1024K, 26 young (26624K), 2 survivors (2048K)
 Metaspace       used 146422K, capacity 152445K, committed 152540K, reserved 1181696K
  class space    used 18326K, capacity 20565K, committed 20568K, reserved 1048576K
}
Event: 1919.548 GC heap after
{Heap after GC invocations=183 (full 0):
 garbage-first heap   total 225280K, used 126924K [0x0000000080000000, 0x0000000100000000)
  region size 1024K, 6 young (6144K), 6 survivors (6144K)
 Metaspace       used 146422K, capacity 152445K, committed 152540K, reserved 1181696K
  class space    used 18326K, capacity 20565K, committed 20568K, reserved 1048576K
}
Event: 1919.708 GC heap before
{Heap before GC invocations=183 (full 0):
 garbage-first heap   total 225280K, used 180172K [0x0000000080000000, 0x0000000100000000)
  region size 1024K, 51 young (52224K), 6 survivors (6144K)
 Metaspace       used 146423K, capacity 152445K, committed 152540K, reserved 1181696K
  class space    used 18326K, capacity 20565K, committed 20568K, reserved 1048576K
}
Event: 1919.724 GC heap after
{Heap after GC invocations=184 (full 0):
 garbage-first heap   total 225280K, used 143180K [0x0000000080000000, 0x0000000100000000)
  region size 1024K, 7 young (7168K), 7 survivors (7168K)
 Metaspace       used 146423K, capacity 152445K, committed 152540K, reserved 1181696K
  class space    used 18326K, capacity 20565K, committed 20568K, reserved 1048576K
}
Event: 1919.830 GC heap before
{Heap before GC invocations=185 (full 0):
 garbage-first heap   total 225280K, used 195404K [0x0000000080000000, 0x0000000100000000)
  region size 1024K, 42 young (43008K), 7 survivors (7168K)
 Metaspace       used 146435K, capacity 152446K, committed 152540K, reserved 1181696K
  class space    used 18326K, capacity 20565K, committed 20568K, reserved 1048576K
}
Event: 1919.843 GC heap after
{Heap after GC invocations=186 (full 0):
 garbage-first heap   total 225280K, used 148618K [0x0000000080000000, 0x0000000100000000)
  region size 1024K, 5 young (5120K), 5 survivors (5120K)
 Metaspace       used 146435K, capacity 152446K, committed 152540K, reserved 1181696K
  class space    used 18326K, capacity 20565K, committed 20568K, reserved 1048576K
}
Event: 1919.856 GC heap before
{Heap before GC invocations=186 (full 0):
 garbage-first heap   total 225280K, used 153738K [0x0000000080000000, 0x0000000100000000)
  region size 1024K, 11 young (11264K), 5 survivors (5120K)
 Metaspace       used 146436K, capacity 152446K, committed 152540K, reserved 1181696K
  class space    used 18326K, capacity 20565K, committed 20568K, reserved 1048576K
}
Event: 1919.864 GC heap after
{Heap after GC invocations=187 (full 0):
 garbage-first heap   total 225280K, used 142957K [0x0000000080000000, 0x0000000100000000)
  region size 1024K, 2 young (2048K), 2 survivors (2048K)
 Metaspace       used 146436K, capacity 152446K, committed 152540K, reserved 1181696K
  class space    used 18326K, capacity 20565K, committed 20568K, reserved 1048576K
}
Event: 1919.933 GC heap before
{Heap before GC invocations=187 (full 0):
 garbage-first heap   total 225280K, used 178797K [0x0000000080000000, 0x0000000100000000)
  region size 1024K, 38 young (38912K), 2 survivors (2048K)
 Metaspace       used 146440K, capacity 152446K, committed 152540K, reserved 1181696K
  class space    used 18326K, capacity 20565K, committed 20568K, reserved 1048576K
}
Event: 1919.941 GC heap after
{Heap after GC invocations=188 (full 0):
 garbage-first heap   total 225280K, used 151552K [0x0000000080000000, 0x0000000100000000)
  region size 1024K, 5 young (5120K), 5 survivors (5120K)
 Metaspace       used 146440K, capacity 152446K, committed 152540K, reserved 1181696K
  class space    used 18326K, capacity 20565K, committed 20568K, reserved 1048576K
}
Event: 1967.650 GC heap before
{Heap before GC invocations=189 (full 0):
 garbage-first heap   total 225280K, used 172032K [0x0000000080000000, 0x0000000100000000)
  region size 1024K, 36 young (36864K), 5 survivors (5120K)
 Metaspace       used 146285K, capacity 152169K, committed 152540K, reserved 1181696K
  class space    used 18278K, capacity 20472K, committed 20568K, reserved 1048576K
}
Event: 1967.660 GC heap after
{Heap after GC invocations=190 (full 0):
 garbage-first heap   total 225280K, used 142805K [0x0000000080000000, 0x0000000100000000)
  region size 1024K, 3 young (3072K), 3 survivors (3072K)
 Metaspace       used 146285K, capacity 152169K, committed 152540K, reserved 1181696K
  class space    used 18278K, capacity 20472K, committed 20568K, reserved 1048576K
}
Event: 1967.687 GC heap before
{Heap before GC invocations=190 (full 0):
 garbage-first heap   total 225280K, used 149973K [0x0000000080000000, 0x0000000100000000)
  region size 1024K, 11 young (11264K), 3 survivors (3072K)
 Metaspace       used 146287K, capacity 152169K, committed 152540K, reserved 1181696K
  class space    used 18278K, capacity 20472K, committed 20568K, reserved 1048576K
}
Event: 1967.698 GC heap after
{Heap after GC invocations=191 (full 0):
 garbage-first heap   total 225280K, used 127041K [0x0000000080000000, 0x0000000100000000)
  region size 1024K, 1 young (1024K), 1 survivors (1024K)
 Metaspace       used 146287K, capacity 152169K, committed 152540K, reserved 1181696K
  class space    used 18278K, capacity 20472K, committed 20568K, reserved 1048576K
}
Event: 1967.738 GC heap before
{Heap before GC invocations=191 (full 0):
 garbage-first heap   total 225280K, used 137281K [0x0000000080000000, 0x0000000100000000)
  region size 1024K, 11 young (11264K), 1 survivors (1024K)
 Metaspace       used 146302K, capacity 152233K, committed 152540K, reserved 1181696K
  class space    used 18278K, capacity 20472K, committed 20568K, reserved 1048576K
}
Event: 1967.758 GC heap after
{Heap after GC invocations=192 (full 0):
 garbage-first heap   total 225280K, used 122322K [0x0000000080000000, 0x0000000100000000)
  region size 1024K, 2 young (2048K), 2 survivors (2048K)
 Metaspace       used 146302K, capacity 152233K, committed 152540K, reserved 1181696K
  class space    used 18278K, capacity 20472K, committed 20568K, reserved 1048576K
}

