# JRE version: OpenJDK Runtime Environment (11.0.15) (build 11.0.15+0-b2043.56-9505619)
# Java VM: OpenJDK 64-Bit Server VM (11.0.15+0-b2043.56-9505619, mixed mode, tiered, compressed oops, g1 gc, windows-amd64)
Heap:
 garbage-first heap   total 162816K, used 30407K [0x0000000083600000, 0x0000000100000000)
  region size 1024K, 8 young (8192K), 8 survivors (8192K)
 Metaspace       used 47458K, capacity 47926K, committed 48080K, reserved 1091584K
  class space    used 5580K, capacity 5774K, committed 5884K, reserved 1048576K
GC Heap History (9 events):
Event: 0.262 GC heap before
{Heap before GC invocations=0 (full 0):
 garbage-first heap   total 129024K, used 18432K [0x0000000083600000, 0x0000000100000000)
  region size 1024K, 14 young (14336K), 0 survivors (0K)
 Metaspace       used 9480K, capacity 9615K, committed 9856K, reserved 1058816K
  class space    used 781K, capacity 820K, committed 896K, reserved 1048576K
}
Event: 0.266 GC heap after
{Heap after GC invocations=1 (full 0):
 garbage-first heap   total 129024K, used 6448K [0x0000000083600000, 0x0000000100000000)
  region size 1024K, 2 young (2048K), 2 survivors (2048K)
 Metaspace       used 9480K, capacity 9615K, committed 9856K, reserved 1058816K
  class space    used 781K, capacity 820K, committed 896K, reserved 1048576K
}
Event: 0.791 GC heap before
{Heap before GC invocations=1 (full 0):
 garbage-first heap   total 129024K, used 53552K [0x0000000083600000, 0x0000000100000000)
  region size 1024K, 49 young (50176K), 2 survivors (2048K)
 Metaspace       used 21037K, capacity 21190K, committed 21248K, reserved 1069056K
  class space    used 2219K, capacity 2304K, committed 2304K, reserved 1048576K
}
Event: 0.800 GC heap after
{Heap after GC invocations=2 (full 0):
 garbage-first heap   total 129024K, used 10303K [0x0000000083600000, 0x0000000100000000)
  region size 1024K, 6 young (6144K), 6 survivors (6144K)
 Metaspace       used 21037K, capacity 21190K, committed 21248K, reserved 1069056K
  class space    used 2219K, capacity 2304K, committed 2304K, reserved 1048576K
}
Event: 1.422 GC heap before
{Heap before GC invocations=3 (full 0):
 garbage-first heap   total 129024K, used 67647K [0x0000000083600000, 0x0000000100000000)
  region size 1024K, 56 young (57344K), 6 survivors (6144K)
 Metaspace       used 33182K, capacity 33570K, committed 33788K, reserved 1079296K
  class space    used 4107K, capacity 4273K, committed 4348K, reserved 1048576K
}
Event: 1.436 GC heap after
{Heap after GC invocations=4 (full 0):
 garbage-first heap   total 129024K, used 22773K [0x0000000083600000, 0x0000000100000000)
  region size 1024K, 7 young (7168K), 7 survivors (7168K)
 Metaspace       used 33182K, capacity 33570K, committed 33788K, reserved 1079296K
  class space    used 4107K, capacity 4273K, committed 4348K, reserved 1048576K
}
Event: 1.586 GC heap before
{Heap before GC invocations=4 (full 0):
 garbage-first heap   total 129024K, used 35061K [0x0000000083600000, 0x0000000100000000)
  region size 1024K, 20 young (20480K), 7 survivors (7168K)
 Metaspace       used 35544K, capacity 35917K, committed 36048K, reserved 1081344K
  class space    used 4346K, capacity 4501K, committed 4604K, reserved 1048576K
}
Event: 1.592 GC heap after
{Heap after GC invocations=5 (full 0):
 garbage-first heap   total 129024K, used 23220K [0x0000000083600000, 0x0000000100000000)
  region size 1024K, 3 young (3072K), 3 survivors (3072K)
 Metaspace       used 35544K, capacity 35917K, committed 36048K, reserved 1081344K
  class space    used 4346K, capacity 4501K, committed 4604K, reserved 1048576K
}
Event: 2.323 GC heap before
{Heap before GC invocations=6 (full 0):
 garbage-first heap   total 129024K, used 82612K [0x0000000083600000, 0x0000000100000000)
  region size 1024K, 59 young (60416K), 3 survivors (3072K)
 Metaspace       used 47458K, capacity 47926K, committed 48080K, reserved 1091584K
  class space    used 5580K, capacity 5774K, committed 5884K, reserved 1048576K
}

