# JRE version: OpenJDK Runtime Environment (11.0.15) (build 11.0.15+0-b2043.56-9505619)
# Java VM: OpenJDK 64-Bit Server VM (11.0.15+0-b2043.56-9505619, mixed mode, tiered, compressed oops, g1 gc, windows-amd64)
Heap:
 garbage-first heap   total 155648K, used 78454K [0x0000000083600000, 0x0000000100000000)
  region size 1024K, 55 young (56320K), 8 survivors (8192K)
 Metaspace       used 51970K, capacity 52541K, committed 52688K, reserved 1095680K
  class space    used 6061K, capacity 6305K, committed 6396K, reserved 1048576K
GC Heap History (10 events):
Event: 0.265 GC heap before
{Heap before GC invocations=0 (full 0):
 garbage-first heap   total 129024K, used 18432K [0x0000000083600000, 0x0000000100000000)
  region size 1024K, 14 young (14336K), 0 survivors (0K)
 Metaspace       used 9477K, capacity 9615K, committed 9856K, reserved 1058816K
  class space    used 781K, capacity 820K, committed 896K, reserved 1048576K
}
Event: 0.267 GC heap after
{Heap after GC invocations=1 (full 0):
 garbage-first heap   total 129024K, used 6373K [0x0000000083600000, 0x0000000100000000)
  region size 1024K, 2 young (2048K), 2 survivors (2048K)
 Metaspace       used 9477K, capacity 9615K, committed 9856K, reserved 1058816K
  class space    used 781K, capacity 820K, committed 896K, reserved 1048576K
}
Event: 0.786 GC heap before
{Heap before GC invocations=1 (full 0):
 garbage-first heap   total 129024K, used 54501K [0x0000000083600000, 0x0000000100000000)
  region size 1024K, 50 young (51200K), 2 survivors (2048K)
 Metaspace       used 21030K, capacity 21190K, committed 21248K, reserved 1069056K
  class space    used 2219K, capacity 2304K, committed 2304K, reserved 1048576K
}
Event: 0.794 GC heap after
{Heap after GC invocations=2 (full 0):
 garbage-first heap   total 129024K, used 10522K [0x0000000083600000, 0x0000000100000000)
  region size 1024K, 7 young (7168K), 7 survivors (7168K)
 Metaspace       used 21030K, capacity 21190K, committed 21248K, reserved 1069056K
  class space    used 2219K, capacity 2304K, committed 2304K, reserved 1048576K
}
Event: 1.377 GC heap before
{Heap before GC invocations=3 (full 0):
 garbage-first heap   total 129024K, used 65818K [0x0000000083600000, 0x0000000100000000)
  region size 1024K, 55 young (56320K), 7 survivors (7168K)
 Metaspace       used 32513K, capacity 32930K, committed 33276K, reserved 1079296K
  class space    used 4037K, capacity 4209K, committed 4348K, reserved 1048576K
}
Event: 1.389 GC heap after
{Heap after GC invocations=4 (full 0):
 garbage-first heap   total 129024K, used 22961K [0x0000000083600000, 0x0000000100000000)
  region size 1024K, 7 young (7168K), 7 survivors (7168K)
 Metaspace       used 32513K, capacity 32930K, committed 33276K, reserved 1079296K
  class space    used 4037K, capacity 4209K, committed 4348K, reserved 1048576K
}
Event: 1.531 GC heap before
{Heap before GC invocations=4 (full 0):
 garbage-first heap   total 129024K, used 38321K [0x0000000083600000, 0x0000000100000000)
  region size 1024K, 23 young (23552K), 7 survivors (7168K)
 Metaspace       used 35559K, capacity 35917K, committed 36048K, reserved 1081344K
  class space    used 4347K, capacity 4501K, committed 4604K, reserved 1048576K
}
Event: 1.537 GC heap after
{Heap after GC invocations=5 (full 0):
 garbage-first heap   total 129024K, used 23252K [0x0000000083600000, 0x0000000100000000)
  region size 1024K, 3 young (3072K), 3 survivors (3072K)
 Metaspace       used 35559K, capacity 35917K, committed 36048K, reserved 1081344K
  class space    used 4347K, capacity 4501K, committed 4604K, reserved 1048576K
}
Event: 2.241 GC heap before
{Heap before GC invocations=6 (full 0):
 garbage-first heap   total 129024K, used 81620K [0x0000000083600000, 0x0000000100000000)
  region size 1024K, 58 young (59392K), 3 survivors (3072K)
 Metaspace       used 47469K, capacity 47927K, committed 48080K, reserved 1091584K
  class space    used 5578K, capacity 5774K, committed 5884K, reserved 1048576K
}
Event: 2.251 GC heap after
{Heap after GC invocations=7 (full 0):
 garbage-first heap   total 155648K, used 30326K [0x0000000083600000, 0x0000000100000000)
  region size 1024K, 8 young (8192K), 8 survivors (8192K)
 Metaspace       used 47469K, capacity 47927K, committed 48080K, reserved 1091584K
  class space    used 5578K, capacity 5774K, committed 5884K, reserved 1048576K
}

