# JRE version: OpenJDK Runtime Environment (11.0.15) (build 11.0.15+0-b2043.56-9505619)
# Java VM: OpenJDK 64-Bit Server VM (11.0.15+0-b2043.56-9505619, mixed mode, tiered, compressed oops, g1 gc, windows-amd64)
Heap:
 garbage-first heap   total 155648K, used 37253K [0x0000000083600000, 0x0000000100000000)
  region size 1024K, 8 young (8192K), 8 survivors (8192K)
 Metaspace       used 51093K, capacity 51576K, committed 51664K, reserved 1095680K
  class space    used 5878K, capacity 6074K, committed 6140K, reserved 1048576K
GC Heap History (11 events):
Event: 0.367 GC heap before
{Heap before GC invocations=0 (full 0):
 garbage-first heap   total 129024K, used 18432K [0x0000000083600000, 0x0000000100000000)
  region size 1024K, 14 young (14336K), 0 survivors (0K)
 Metaspace       used 9493K, capacity 9615K, committed 9856K, reserved 1058816K
  class space    used 781K, capacity 820K, committed 896K, reserved 1048576K
}
Event: 0.369 GC heap after
{Heap after GC invocations=1 (full 0):
 garbage-first heap   total 129024K, used 6396K [0x0000000083600000, 0x0000000100000000)
  region size 1024K, 2 young (2048K), 2 survivors (2048K)
 Metaspace       used 9493K, capacity 9615K, committed 9856K, reserved 1058816K
  class space    used 781K, capacity 820K, committed 896K, reserved 1048576K
}
Event: 0.894 GC heap before
{Heap before GC invocations=1 (full 0):
 garbage-first heap   total 129024K, used 53500K [0x0000000083600000, 0x0000000100000000)
  region size 1024K, 49 young (50176K), 2 survivors (2048K)
 Metaspace       used 21023K, capacity 21185K, committed 21248K, reserved 1069056K
  class space    used 2216K, capacity 2302K, committed 2304K, reserved 1048576K
}
Event: 0.902 GC heap after
{Heap after GC invocations=2 (full 0):
 garbage-first heap   total 129024K, used 10492K [0x0000000083600000, 0x0000000100000000)
  region size 1024K, 6 young (6144K), 6 survivors (6144K)
 Metaspace       used 21023K, capacity 21185K, committed 21248K, reserved 1069056K
  class space    used 2216K, capacity 2302K, committed 2304K, reserved 1048576K
}
Event: 1.599 GC heap before
{Heap before GC invocations=3 (full 0):
 garbage-first heap   total 129024K, used 63740K [0x0000000083600000, 0x0000000100000000)
  region size 1024K, 52 young (53248K), 6 survivors (6144K)
 Metaspace       used 32033K, capacity 32418K, committed 32636K, reserved 1077248K
  class space    used 3975K, capacity 4145K, committed 4220K, reserved 1048576K
}
Event: 1.610 GC heap after
{Heap after GC invocations=4 (full 0):
 garbage-first heap   total 129024K, used 22686K [0x0000000083600000, 0x0000000100000000)
  region size 1024K, 7 young (7168K), 7 survivors (7168K)
 Metaspace       used 32033K, capacity 32418K, committed 32636K, reserved 1077248K
  class space    used 3975K, capacity 4145K, committed 4220K, reserved 1048576K
}
Event: 1.780 GC heap before
{Heap before GC invocations=4 (full 0):
 garbage-first heap   total 129024K, used 39070K [0x0000000083600000, 0x0000000100000000)
  region size 1024K, 24 young (24576K), 7 survivors (7168K)
 Metaspace       used 35571K, capacity 35917K, committed 36048K, reserved 1081344K
  class space    used 4346K, capacity 4501K, committed 4604K, reserved 1048576K
}
Event: 1.786 GC heap after
{Heap after GC invocations=5 (full 0):
 garbage-first heap   total 129024K, used 23165K [0x0000000083600000, 0x0000000100000000)
  region size 1024K, 3 young (3072K), 3 survivors (3072K)
 Metaspace       used 35571K, capacity 35917K, committed 36048K, reserved 1081344K
  class space    used 4346K, capacity 4501K, committed 4604K, reserved 1048576K
}
Event: 2.662 GC heap before
{Heap before GC invocations=6 (full 0):
 garbage-first heap   total 129024K, used 80509K [0x0000000083600000, 0x0000000100000000)
  region size 1024K, 57 young (58368K), 3 survivors (3072K)
 Metaspace       used 47438K, capacity 47926K, committed 48080K, reserved 1091584K
  class space    used 5575K, capacity 5774K, committed 5884K, reserved 1048576K
}
Event: 2.671 GC heap after
{Heap after GC invocations=7 (full 0):
 garbage-first heap   total 129024K, used 30011K [0x0000000083600000, 0x0000000100000000)
  region size 1024K, 8 young (8192K), 8 survivors (8192K)
 Metaspace       used 47438K, capacity 47926K, committed 48080K, reserved 1091584K
  class space    used 5575K, capacity 5774K, committed 5884K, reserved 1048576K
}
Event: 3.263 GC heap before
{Heap before GC invocations=8 (full 0):
 garbage-first heap   total 129024K, used 90427K [0x0000000083600000, 0x0000000100000000)
  region size 1024K, 66 young (67584K), 8 survivors (8192K)
 Metaspace       used 51093K, capacity 51576K, committed 51664K, reserved 1095680K
  class space    used 5878K, capacity 6074K, committed 6140K, reserved 1048576K
}

